{
  "RSpec": {
    "coverage": {
      "/Users/jacqwhitmer/REPOS/turing/mod4/take_home_be/config/environment.rb": {
        "lines": [
          null,
          1,
          null,
          null,
          1
        ]
      },
      "/Users/jacqwhitmer/REPOS/turing/mod4/take_home_be/config/application.rb": {
        "lines": [
          1,
          null,
          1,
          null,
          1,
          1,
          1,
          1,
          1,
          1,
          1,
          1,
          1,
          1,
          null,
          null,
          null,
          null,
          null,
          1,
          null,
          1,
          1,
          null,
          1,
          null,
          null,
          null,
          null,
          null,
          null,
          null,
          null,
          null,
          null,
          null,
          null,
          1,
          null,
          null
        ]
      },
      "/Users/jacqwhitmer/REPOS/turing/mod4/take_home_be/config/boot.rb": {
        "lines": [
          1,
          null,
          1,
          1
        ]
      },
      "/Users/jacqwhitmer/REPOS/turing/mod4/take_home_be/config/environments/test.rb": {
        "lines": [
          1,
          null,
          null,
          null,
          null,
          null,
          null,
          1,
          null,
          null,
          1,
          null,
          null,
          null,
          null,
          1,
          null,
          null,
          1,
          1,
          null,
          null,
          null,
          null,
          1,
          1,
          1,
          null,
          null,
          1,
          null,
          null,
          1,
          null,
          null,
          1,
          null,
          1,
          null,
          null,
          null,
          null,
          1,
          null,
          null,
          1,
          null,
          null,
          1,
          null,
          null,
          1,
          null,
          null,
          null,
          null,
          null,
          null,
          null
        ]
      },
      "/Users/jacqwhitmer/REPOS/turing/mod4/take_home_be/config/initializers/application_controller_renderer.rb": {
        "lines": [
          null,
          null,
          null,
          null,
          null,
          null,
          null,
          null
        ]
      },
      "/Users/jacqwhitmer/REPOS/turing/mod4/take_home_be/config/initializers/backtrace_silencers.rb": {
        "lines": [
          null,
          null,
          null,
          null,
          null,
          null,
          null,
          1
        ]
      },
      "/Users/jacqwhitmer/REPOS/turing/mod4/take_home_be/config/initializers/cors.rb": {
        "lines": [
          null,
          null,
          null,
          null,
          null,
          null,
          null,
          null,
          null,
          null,
          null,
          null,
          null,
          null,
          null,
          null
        ]
      },
      "/Users/jacqwhitmer/REPOS/turing/mod4/take_home_be/config/initializers/filter_parameter_logging.rb": {
        "lines": [
          null,
          null,
          null,
          1,
          null,
          null
        ]
      },
      "/Users/jacqwhitmer/REPOS/turing/mod4/take_home_be/config/initializers/inflections.rb": {
        "lines": [
          null,
          null,
          null,
          null,
          null,
          null,
          null,
          null,
          null,
          null,
          null,
          null,
          null,
          null,
          null,
          null
        ]
      },
      "/Users/jacqwhitmer/REPOS/turing/mod4/take_home_be/config/initializers/mime_types.rb": {
        "lines": [
          null,
          null,
          null,
          null
        ]
      },
      "/Users/jacqwhitmer/REPOS/turing/mod4/take_home_be/config/initializers/wrap_parameters.rb": {
        "lines": [
          null,
          null,
          null,
          null,
          null,
          null,
          1,
          2,
          null,
          null,
          null,
          null,
          null,
          null
        ]
      },
      "/Users/jacqwhitmer/REPOS/turing/mod4/take_home_be/config/routes.rb": {
        "lines": [
          1,
          null,
          null,
          1,
          1,
          1,
          1,
          null,
          null,
          null,
          null
        ]
      },
      "/Users/jacqwhitmer/REPOS/turing/mod4/take_home_be/app/models/customer.rb": {
        "lines": [
          1,
          1,
          1,
          null,
          1,
          3,
          null,
          null,
          1,
          3,
          null,
          null
        ]
      },
      "/Users/jacqwhitmer/REPOS/turing/mod4/take_home_be/app/models/application_record.rb": {
        "lines": [
          1,
          1,
          null
        ]
      },
      "/Users/jacqwhitmer/REPOS/turing/mod4/take_home_be/spec/models/customer_subscription_spec.rb": {
        "lines": [
          1,
          1,
          1,
          2,
          2,
          null,
          null
        ]
      },
      "/Users/jacqwhitmer/REPOS/turing/mod4/take_home_be/app/models/customer_subscription.rb": {
        "lines": [
          1,
          1,
          1,
          null
        ]
      },
      "/Users/jacqwhitmer/REPOS/turing/mod4/take_home_be/spec/models/subscription_spec.rb": {
        "lines": [
          1,
          1,
          1,
          2,
          2,
          null,
          1,
          2,
          2,
          null,
          null
        ]
      },
      "/Users/jacqwhitmer/REPOS/turing/mod4/take_home_be/app/models/subscription.rb": {
        "lines": [
          1,
          1,
          1,
          null,
          1,
          null,
          null,
          1,
          null,
          null
        ]
      },
      "/Users/jacqwhitmer/REPOS/turing/mod4/take_home_be/spec/requests/api/v1/subscriptions/create_spec.rb": {
        "lines": [
          1,
          1,
          1,
          4,
          null,
          1,
          null,
          1,
          null,
          null,
          null,
          null,
          1,
          null,
          1,
          null,
          1,
          null,
          1,
          null,
          1,
          null,
          null,
          null,
          1,
          null,
          1,
          null,
          1,
          1,
          1,
          null,
          1,
          null,
          1,
          null,
          null,
          null,
          null,
          1,
          null,
          1,
          null,
          1,
          null,
          1,
          1,
          1,
          1,
          null,
          1,
          null,
          1,
          null,
          null,
          null,
          null,
          1,
          null,
          1,
          null,
          1,
          1,
          null,
          null
        ]
      },
      "/Users/jacqwhitmer/REPOS/turing/mod4/take_home_be/spec/requests/api/v1/subscriptions/index_spec.rb": {
        "lines": [
          1,
          1,
          1,
          5,
          5,
          5,
          5,
          5,
          5,
          5,
          5,
          null,
          1,
          1,
          null,
          1,
          null,
          1,
          1,
          null,
          1,
          null,
          1,
          1,
          null,
          1,
          1,
          null,
          1,
          null,
          1,
          1,
          null,
          1,
          1,
          null,
          1,
          null,
          1,
          1,
          null,
          1,
          1,
          null,
          1,
          null,
          1,
          1,
          null,
          null
        ]
      },
      "/Users/jacqwhitmer/REPOS/turing/mod4/take_home_be/spec/requests/api/v1/subscriptions/update_spec.rb": {
        "lines": [
          1,
          1,
          1,
          6,
          6,
          6,
          null,
          1,
          null,
          1,
          null,
          1,
          null,
          1,
          null,
          1,
          null,
          null,
          1,
          null,
          1,
          null,
          1,
          null,
          1,
          null,
          1,
          null,
          1,
          1,
          1,
          1,
          null,
          1,
          null,
          1,
          null,
          1,
          null,
          1,
          1,
          null,
          null,
          1,
          null,
          1,
          null,
          1,
          null,
          1,
          null,
          1,
          null,
          1,
          1,
          null,
          1,
          null,
          1,
          null,
          1,
          null,
          1,
          null,
          1,
          null,
          1,
          null,
          null,
          1,
          null,
          1,
          null,
          null,
          null,
          null,
          1,
          null,
          1,
          null,
          1,
          null,
          1,
          1,
          1,
          1,
          null,
          null
        ]
      },
      "/Users/jacqwhitmer/REPOS/turing/mod4/take_home_be/app/controllers/api/v1/subscriptions_controller.rb": {
        "lines": [
          1,
          null,
          1,
          4,
          3,
          3,
          3,
          3,
          null,
          1,
          null,
          null,
          null,
          1,
          6,
          5,
          5,
          4,
          null,
          1,
          null,
          null,
          1,
          null,
          null,
          null,
          1,
          5,
          5,
          1,
          1,
          4,
          1,
          1,
          null,
          3,
          3,
          null,
          null,
          null,
          1,
          null,
          1,
          9,
          null,
          null,
          1,
          4,
          null,
          null,
          1,
          6,
          null,
          null,
          1,
          8,
          null,
          null
        ]
      },
      "/Users/jacqwhitmer/REPOS/turing/mod4/take_home_be/app/controllers/application_controller.rb": {
        "lines": [
          1,
          1,
          7,
          null,
          null,
          1,
          3,
          null,
          null
        ]
      },
      "/Users/jacqwhitmer/REPOS/turing/mod4/take_home_be/app/serializers/subscription_serializer.rb": {
        "lines": [
          1,
          1,
          null,
          1,
          null
        ]
      }
    },
    "timestamp": 1642118237
  }
}
